2016-11-26 11:04:11,134  INFO [main] - com.test.task.Clock.getTime 42 - Time is morning
2016-11-26 11:04:11,201  INFO [main] - com.test.task.Clock.getTime 46 - Time is day
2016-11-26 11:04:11,212  INFO [main] - com.test.task.Clock.getTime 50 - Time is evening
2016-11-26 11:04:11,218  INFO [main] - com.test.task.Clock.getTime 46 - Time is day
2016-11-26 11:04:11,227  INFO [main] - com.test.task.Clock.getTime 42 - Time is morning
2016-11-26 11:04:11,228  INFO [main] - com.test.task.Clock.getTime 54 - Time is night
2016-11-26 11:04:11,234  INFO [main] - com.test.task.Clock.getTime 50 - Time is evening
2016-11-26 11:04:11,241  INFO [main] - com.test.task.Clock.getTime 54 - Time is night
2016-11-26 11:04:11,248  INFO [main] - com.test.task.Clock.getTime 42 - Time is morning
2016-11-26 11:04:11,250  INFO [main] - com.test.task.Clock.getTime 46 - Time is day
2016-11-26 11:04:11,252  INFO [main] - com.test.task.Clock.getTime 42 - Time is morning
2016-11-26 11:04:11,254  INFO [main] - com.test.task.Clock.getTime 50 - Time is evening
2016-11-26 11:05:34,663  INFO [main] - com.test.task.Clock.getTime 42 - Time is morning
2016-11-26 11:05:34,672  INFO [main] - com.test.task.Clock.getTime 46 - Time is day
2016-11-26 11:05:34,674  INFO [main] - com.test.task.Clock.getTime 50 - Time is evening
2016-11-26 11:05:34,676  INFO [main] - com.test.task.Clock.getTime 46 - Time is day
2016-11-26 11:05:34,677  INFO [main] - com.test.task.Clock.getTime 42 - Time is morning
2016-11-26 11:05:34,679  INFO [main] - com.test.task.Clock.getTime 54 - Time is night
2016-11-26 11:05:34,681  INFO [main] - com.test.task.Clock.getTime 50 - Time is evening
2016-11-26 11:05:34,687  INFO [main] - com.test.task.Clock.getTime 54 - Time is night
2016-11-26 11:05:34,692  INFO [main] - com.test.task.Clock.getTime 42 - Time is morning
2016-11-26 11:05:34,693  INFO [main] - com.test.task.Clock.getTime 46 - Time is day
2016-11-26 11:05:34,697  INFO [main] - com.test.task.Clock.getTime 42 - Time is morning
2016-11-26 11:05:34,700  INFO [main] - com.test.task.Clock.getTime 50 - Time is evening
2016-11-26 11:06:32,693  INFO [main] - com.test.task.Clock.getTime 42 - Time is morning
2016-11-26 11:06:32,717  INFO [main] - com.test.task.Clock.getTime 46 - Time is day
2016-11-26 11:06:32,721  INFO [main] - com.test.task.Clock.getTime 50 - Time is evening
2016-11-26 11:06:32,723  INFO [main] - com.test.task.Clock.getTime 46 - Time is day
2016-11-26 11:06:32,729  INFO [main] - com.test.task.Clock.getTime 42 - Time is morning
2016-11-26 11:06:32,732  INFO [main] - com.test.task.Clock.getTime 54 - Time is night
2016-11-26 11:06:32,735  INFO [main] - com.test.task.Clock.getTime 50 - Time is evening
2016-11-26 11:06:32,737  INFO [main] - com.test.task.Clock.getTime 54 - Time is night
2016-11-26 11:06:32,740  INFO [main] - com.test.task.Clock.getTime 42 - Time is morning
2016-11-26 11:06:32,744  INFO [main] - com.test.task.Clock.getTime 46 - Time is day
2016-11-26 11:06:32,754  INFO [main] - com.test.task.Clock.getTime 42 - Time is morning
2016-11-26 11:06:32,757  INFO [main] - com.test.task.Clock.getTime 50 - Time is evening
2016-11-26 11:07:09,042  INFO [main] - com.test.task.Clock.getTime 42 - Time is morning
2016-11-26 11:07:09,051  INFO [main] - com.test.task.Clock.getTime 50 - Time is evening
2016-11-26 11:07:09,053  INFO [main] - com.test.task.Clock.getTime 46 - Time is day
2016-11-26 11:07:09,071  INFO [main] - com.test.task.Clock.getTime 50 - Time is evening
2016-11-26 11:07:09,075  INFO [main] - com.test.task.Clock.getTime 46 - Time is day
2016-11-26 11:07:09,077  INFO [main] - com.test.task.Clock.getTime 42 - Time is morning
2016-11-26 11:07:09,079  INFO [main] - com.test.task.Clock.getTime 54 - Time is night
2016-11-26 11:07:09,083  INFO [main] - com.test.task.Clock.getTime 50 - Time is evening
2016-11-26 11:07:09,085  INFO [main] - com.test.task.Clock.getTime 54 - Time is night
2016-11-26 11:07:09,086  INFO [main] - com.test.task.Clock.getTime 42 - Time is morning
2016-11-26 11:07:09,088  INFO [main] - com.test.task.Clock.getTime 46 - Time is day
2016-11-26 11:07:09,094  INFO [main] - com.test.task.Clock.getTime 42 - Time is morning
2016-11-26 11:07:09,095  INFO [main] - com.test.task.Clock.getTime 50 - Time is evening
2016-11-29 16:17:12,455  INFO [main] - com.test.task.Clock.getTime 46 - Time is day
2016-11-29 16:17:12,460  INFO [main] - com.test.task.Main.printTime 40 - Now is day
2016-11-29 16:17:32,714  INFO [main] - com.test.task.Clock.getTime 46 - Time is day
2016-11-29 16:17:32,718  INFO [main] - com.test.task.Main.printTime 40 - Now is day
